Using pre-set license
Built from '6000.0/staging' branch; Version is '6000.0.34f1 (5ab2d9ed9190) revision 5944025'; Using compiler version '193933523'; Build Type 'Release'
OS: 'Windows 10  (10.0.19045) 64bit Professional' Language: 'es' Physical Memory: 32711 MB
BatchMode: 1, IsHumanControllingUs: 0, StartBugReporterOnCrash: 0, Is64bit: 1, IsPro: 1

COMMAND LINE ARGUMENTS:
C:\Program Files\Unity\Hub\Editor\6000.0.34f1\Editor\Unity.exe
-adb2
-batchMode
-noUpm
-name
AssetImportWorker1
-projectPath
C:/Users/Usuario/Desktop/Proyectos/VIPO-DIY/VIPO_DIY_Unity
-logFile
Logs/AssetImportWorker1.log
-srvPort
55211
-job-worker-count
11
-background-job-worker-count
8
-gc-helper-count
1
Successfully changed project path to: C:/Users/Usuario/Desktop/Proyectos/VIPO-DIY/VIPO_DIY_Unity
C:/Users/Usuario/Desktop/Proyectos/VIPO-DIY/VIPO_DIY_Unity
[UnityMemory] Configuration Parameters - Can be set up in boot.config
    "memorysetup-bucket-allocator-granularity=16"
    "memorysetup-bucket-allocator-bucket-count=8"
    "memorysetup-bucket-allocator-block-size=33554432"
    "memorysetup-bucket-allocator-block-count=8"
    "memorysetup-main-allocator-block-size=16777216"
    "memorysetup-thread-allocator-block-size=16777216"
    "memorysetup-gfx-main-allocator-block-size=16777216"
    "memorysetup-gfx-thread-allocator-block-size=16777216"
    "memorysetup-cache-allocator-block-size=4194304"
    "memorysetup-typetree-allocator-block-size=2097152"
    "memorysetup-profiler-bucket-allocator-granularity=16"
    "memorysetup-profiler-bucket-allocator-bucket-count=8"
    "memorysetup-profiler-bucket-allocator-block-size=33554432"
    "memorysetup-profiler-bucket-allocator-block-count=8"
    "memorysetup-profiler-allocator-block-size=16777216"
    "memorysetup-profiler-editor-allocator-block-size=1048576"
    "memorysetup-temp-allocator-size-main=16777216"
    "memorysetup-job-temp-allocator-block-size=2097152"
    "memorysetup-job-temp-allocator-block-size-background=1048576"
    "memorysetup-job-temp-allocator-reduction-small-platforms=262144"
    "memorysetup-allocator-temp-initial-block-size-main=262144"
    "memorysetup-allocator-temp-initial-block-size-worker=262144"
    "memorysetup-temp-allocator-size-background-worker=32768"
    "memorysetup-temp-allocator-size-job-worker=262144"
    "memorysetup-temp-allocator-size-preload-manager=33554432"
    "memorysetup-temp-allocator-size-nav-mesh-worker=65536"
    "memorysetup-temp-allocator-size-audio-worker=65536"
    "memorysetup-temp-allocator-size-cloud-worker=32768"
    "memorysetup-temp-allocator-size-gi-baking-worker=262144"
    "memorysetup-temp-allocator-size-gi-baking-worker=262144"
    "memorysetup-temp-allocator-size-gi-baking-worker=262144"
    "memorysetup-temp-allocator-size-gi-baking-worker=262144"
    "memorysetup-temp-allocator-size-gi-baking-worker=262144"
    "memorysetup-temp-allocator-size-gfx=262144"
Player connection [36408]  Target information:

Player connection [36408]  * "[IP] 192.168.1.131 [Port] 0 [Flags] 2 [Guid] 3077393881 [EditorId] 3077393881 [Version] 1048832 [Id] WindowsEditor(7,DESKTOP-771TREB) [Debug] 1 [PackageName] WindowsEditor [ProjectName] Editor" 

Player connection [36408] Host joined multi-casting on [225.0.0.222:54997]...
Player connection [36408] Host joined alternative multi-casting on [225.0.0.222:34997]...
JobSystem: Creating JobQueue using job-worker-count value 11
Input System module state changed to: Initialized.
[Physics::Module] Initialized fallback backend.
[Physics::Module] Id: 0xdecafbad
Library Redirect Path: Library/
[Physics::Module] Selected backend.
[Physics::Module] Name: PhysX
[Physics::Module] Id: 0xf2b8ea05
[Physics::Module] SDK Version: 4.1.2
[Physics::Module] Integration Version: 1.0.0
[Physics::Module] Threading Mode: Multi-Threaded
Refreshing native plugins compatible for Editor in 1.93 ms, found 3 plugins.
Preloading 0 native plugins for Editor in 0.00 ms.
Initialize engine version: 6000.0.34f1 (5ab2d9ed9190)
[Subsystems] Discovering subsystems at path C:/Program Files/Unity/Hub/Editor/6000.0.34f1/Editor/Data/Resources/UnitySubsystems
[Subsystems] Discovering subsystems at path C:/Users/Usuario/Desktop/Proyectos/VIPO-DIY/VIPO_DIY_Unity/Assets
GfxDevice: creating device client; kGfxThreadingModeNonThreaded
Direct3D:
    Version:  Direct3D 11.0 [level 11.1]
    Renderer: NVIDIA GeForce GTX 1660 SUPER (ID=0x21c4)
    Vendor:   NVIDIA
    VRAM:     5966 MB
    Driver:   32.0.15.6094
Initialize mono
Mono path[0] = 'C:/Program Files/Unity/Hub/Editor/6000.0.34f1/Editor/Data/Managed'
Mono path[1] = 'C:/Program Files/Unity/Hub/Editor/6000.0.34f1/Editor/Data/MonoBleedingEdge/lib/mono/unityjit-win32'
Mono config path = 'C:/Program Files/Unity/Hub/Editor/6000.0.34f1/Editor/Data/MonoBleedingEdge/etc'
Using monoOptions --debugger-agent=transport=dt_socket,embedding=1,server=y,suspend=n,address=127.0.0.1:56528
Begin MonoManager ReloadAssembly
Registering precompiled unity dll's ...
Register platform support module: C:/Program Files/Unity/Hub/Editor/6000.0.34f1/Editor/Data/PlaybackEngines/WindowsStandaloneSupport/UnityEditor.WindowsStandalone.Extensions.dll
Register platform support module: C:/Program Files/Unity/Hub/Editor/6000.0.34f1/Editor/Data/PlaybackEngines/AndroidPlayer/UnityEditor.Android.Extensions.dll
Registered in 0.004828 seconds.
- Loaded All Assemblies, in  0.414 seconds
Native extension for Android target not found
Android Extension - Scanning For ADB Devices 345 ms
Native extension for WindowsStandalone target not found
Mono: successfully reloaded assembly
- Finished resetting the current domain, in  0.754 seconds
Domain Reload Profiling: 1164ms
	BeginReloadAssembly (138ms)
		ExecutionOrderSort (0ms)
		DisableScriptedObjects (0ms)
		BackupInstance (0ms)
		ReleaseScriptingObjects (0ms)
		CreateAndSetChildDomain (1ms)
	RebuildCommonClasses (38ms)
	RebuildNativeTypeToScriptingClass (13ms)
	initialDomainReloadingComplete (51ms)
	LoadAllAssembliesAndSetupDomain (171ms)
		LoadAssemblies (135ms)
		RebuildTransferFunctionScriptingTraits (0ms)
		AnalyzeDomain (167ms)
			TypeCache.Refresh (166ms)
				TypeCache.ScanAssembly (153ms)
			BuildScriptInfoCaches (0ms)
			ResolveRequiredComponents (0ms)
	FinalizeReload (754ms)
		ReleaseScriptCaches (0ms)
		RebuildScriptCaches (0ms)
		SetupLoadedEditorAssemblies (716ms)
			LogAssemblyErrors (0ms)
			InitializePlatformSupportModulesInManaged (446ms)
			SetLoadedEditorAssemblies (9ms)
			BeforeProcessingInitializeOnLoad (60ms)
			ProcessInitializeOnLoadAttributes (135ms)
			ProcessInitializeOnLoadMethodAttributes (65ms)
			AfterProcessingInitializeOnLoad (0ms)
			EditorAssembliesLoaded (0ms)
		ExecutionOrderSort2 (0ms)
		AwakeInstancesAfterBackupRestoration (0ms)
========================================================================
Worker process is ready to serve import requests
Import Worker Mode flag is 0x00
Begin MonoManager ReloadAssembly
- Loaded All Assemblies, in  0.766 seconds
Refreshing native plugins compatible for Editor in 1.27 ms, found 3 plugins.
Native extension for Android target not found
Native extension for WindowsStandalone target not found
Mono: successfully reloaded assembly
- Finished resetting the current domain, in  0.714 seconds
Domain Reload Profiling: 1475ms
	BeginReloadAssembly (188ms)
		ExecutionOrderSort (0ms)
		DisableScriptedObjects (6ms)
		BackupInstance (0ms)
		ReleaseScriptingObjects (0ms)
		CreateAndSetChildDomain (36ms)
	RebuildCommonClasses (41ms)
	RebuildNativeTypeToScriptingClass (13ms)
	initialDomainReloadingComplete (38ms)
	LoadAllAssembliesAndSetupDomain (482ms)
		LoadAssemblies (385ms)
		RebuildTransferFunctionScriptingTraits (0ms)
		AnalyzeDomain (206ms)
			TypeCache.Refresh (159ms)
				TypeCache.ScanAssembly (144ms)
			BuildScriptInfoCaches (40ms)
			ResolveRequiredComponents (5ms)
	FinalizeReload (714ms)
		ReleaseScriptCaches (0ms)
		RebuildScriptCaches (0ms)
		SetupLoadedEditorAssemblies (592ms)
			LogAssemblyErrors (0ms)
			InitializePlatformSupportModulesInManaged (11ms)
			SetLoadedEditorAssemblies (7ms)
			BeforeProcessingInitializeOnLoad (154ms)
			ProcessInitializeOnLoadAttributes (389ms)
			ProcessInitializeOnLoadMethodAttributes (23ms)
			AfterProcessingInitializeOnLoad (7ms)
			EditorAssembliesLoaded (0ms)
		ExecutionOrderSort2 (0ms)
		AwakeInstancesAfterBackupRestoration (6ms)
Launched and connected shader compiler UnityShaderCompiler.exe after 0.01 seconds
Refreshing native plugins compatible for Editor in 1.52 ms, found 3 plugins.
Preloading 0 native plugins for Editor in 0.00 ms.
Unloading 22 Unused Serialized files (Serialized files now loaded: 0)
Unloading 3402 unused Assets / (0.9 MB). Loaded Objects now: 3900.
Memory consumption went from 85.7 MB to 84.8 MB.
Total: 5.174500 ms (FindLiveObjects: 0.459000 ms CreateObjectMapping: 0.167800 ms MarkObjects: 3.722100 ms  DeleteObjects: 0.824700 ms)

========================================================================
Received Import Request.
  Time since last request: 463082.413618 seconds.
  path: Assets/Scenes
  artifactKey: Guid(407f8d093bc1e0648853a9863b7d29e8) Importer(815301076,1909f56bfc062723c751e8b465ee728b)
Start importing Assets/Scenes using Guid(407f8d093bc1e0648853a9863b7d29e8) Importer(815301076,1909f56bfc062723c751e8b465ee728b) (PreviewImporter) -> (artifact id: 'd8b275dc2f785b8dba83d6b1c6f9151a') in 0.0066062 seconds
Number of updated asset objects reloaded before import = 0Number of asset objects unloaded after import = 0

========================================================================
Received Import Request.
  Time since last request: 670.810526 seconds.
  path: Assets/Imported/KayKit_Prototype_Bits/Models/fbx/Barrel_B.fbx
  artifactKey: Guid(d1c0067ac65e057459ae1e5afcf43095) Importer(815301076,1909f56bfc062723c751e8b465ee728b)
Start importing Assets/Imported/KayKit_Prototype_Bits/Models/fbx/Barrel_B.fbx using Guid(d1c0067ac65e057459ae1e5afcf43095) Importer(815301076,1909f56bfc062723c751e8b465ee728b) (PreviewImporter) -> (artifact id: '677097b5822864732523ce9e7caee507') in 0.2429971 seconds
Number of updated asset objects reloaded before import = 0Number of asset objects unloaded after import = 9

========================================================================
Received Import Request.
  Time since last request: 0.000029 seconds.
  path: Assets/Imported/KayKit_Prototype_Bits/Models/fbx/Pallet_Small_Decorated_A.fbx
  artifactKey: Guid(8f3a38491b485c3458084803c523e196) Importer(815301076,1909f56bfc062723c751e8b465ee728b)
Start importing Assets/Imported/KayKit_Prototype_Bits/Models/fbx/Pallet_Small_Decorated_A.fbx using Guid(8f3a38491b485c3458084803c523e196) Importer(815301076,1909f56bfc062723c751e8b465ee728b) (PreviewImporter) -> (artifact id: '638726f092b9d57dbbeae6e5ad046637') in 0.0374618 seconds
Number of updated asset objects reloaded before import = 0Number of asset objects unloaded after import = 9

========================================================================
Received Import Request.
  Time since last request: 0.000035 seconds.
  path: Assets/Imported/KayKit_Prototype_Bits/Models/fbx/Can_B.fbx
  artifactKey: Guid(565882aa91a01e84dbaa04be1f0cf96d) Importer(815301076,1909f56bfc062723c751e8b465ee728b)
Start importing Assets/Imported/KayKit_Prototype_Bits/Models/fbx/Can_B.fbx using Guid(565882aa91a01e84dbaa04be1f0cf96d) Importer(815301076,1909f56bfc062723c751e8b465ee728b) (PreviewImporter) -> (artifact id: '5f91d4d9740918a11efb36075f957544') in 0.0264492 seconds
Number of updated asset objects reloaded before import = 0Number of asset objects unloaded after import = 9

========================================================================
Received Import Request.
  Time since last request: 0.000053 seconds.
  path: Assets/Imported/KayKit_Prototype_Bits/Models/fbx/Coin_A.fbx
  artifactKey: Guid(21e0fb973a9bba141a0b7e48ded56004) Importer(815301076,1909f56bfc062723c751e8b465ee728b)
Start importing Assets/Imported/KayKit_Prototype_Bits/Models/fbx/Coin_A.fbx using Guid(21e0fb973a9bba141a0b7e48ded56004) Importer(815301076,1909f56bfc062723c751e8b465ee728b) (PreviewImporter) -> (artifact id: '4bc8ee1b4667268214f999f8bd8cebdd') in 0.0296907 seconds
Number of updated asset objects reloaded before import = 0Number of asset objects unloaded after import = 9

========================================================================
Received Import Request.
  Time since last request: 0.000068 seconds.
  path: Assets/Imported/KayKit_Prototype_Bits/Models/fbx/Pallet_Large.fbx
  artifactKey: Guid(a10ed5b26bb195448ac80c7b45c7094b) Importer(815301076,1909f56bfc062723c751e8b465ee728b)
Start importing Assets/Imported/KayKit_Prototype_Bits/Models/fbx/Pallet_Large.fbx using Guid(a10ed5b26bb195448ac80c7b45c7094b) Importer(815301076,1909f56bfc062723c751e8b465ee728b) (PreviewImporter) -> (artifact id: 'f78363e827e7fba3e9089ad4e6a23bfe') in 0.0141031 seconds
Number of updated asset objects reloaded before import = 0Number of asset objects unloaded after import = 9

========================================================================
Received Import Request.
  Time since last request: 0.000019 seconds.
  path: Assets/Imported/KayKit_Prototype_Bits/Models/fbx/Wall_Decorated.fbx
  artifactKey: Guid(8d66cc950dd47334bb634f7de6fe3f21) Importer(815301076,1909f56bfc062723c751e8b465ee728b)
Start importing Assets/Imported/KayKit_Prototype_Bits/Models/fbx/Wall_Decorated.fbx using Guid(8d66cc950dd47334bb634f7de6fe3f21) Importer(815301076,1909f56bfc062723c751e8b465ee728b) (PreviewImporter) -> (artifact id: '7bc972df8ed491aa6f0a770d07e87f8b') in 0.0146171 seconds
Number of updated asset objects reloaded before import = 0Number of asset objects unloaded after import = 9

========================================================================
Received Import Request.
  Time since last request: 0.000019 seconds.
  path: Assets/Imported/KayKit_Prototype_Bits/Models/fbx/Wall.fbx
  artifactKey: Guid(337553832d368e445bb2fae2f0f44a39) Importer(815301076,1909f56bfc062723c751e8b465ee728b)
Start importing Assets/Imported/KayKit_Prototype_Bits/Models/fbx/Wall.fbx using Guid(337553832d368e445bb2fae2f0f44a39) Importer(815301076,1909f56bfc062723c751e8b465ee728b) (PreviewImporter) -> (artifact id: 'd0421b5f67cfcd5a472dee8b07ceb655') in 0.0152386 seconds
Number of updated asset objects reloaded before import = 0Number of asset objects unloaded after import = 9

========================================================================
Received Import Request.
  Time since last request: 0.000063 seconds.
  path: Assets/Imported/KayKit_Prototype_Bits/Models/fbx/Wall_Window_Open.fbx
  artifactKey: Guid(6aee374495163624bae4ce6a83b8551e) Importer(815301076,1909f56bfc062723c751e8b465ee728b)
Start importing Assets/Imported/KayKit_Prototype_Bits/Models/fbx/Wall_Window_Open.fbx using Guid(6aee374495163624bae4ce6a83b8551e) Importer(815301076,1909f56bfc062723c751e8b465ee728b) (PreviewImporter) -> (artifact id: 'b927d2c81e2c54e8e97b82eec3d7da0d') in 0.0152618 seconds
Number of updated asset objects reloaded before import = 0Number of asset objects unloaded after import = 9

========================================================================
Received Import Request.
  Time since last request: 0.000025 seconds.
  path: Assets/Imported/KayKit_Prototype_Bits/Models/fbx/Primitive_Stairs.fbx
  artifactKey: Guid(eadb55342a21f77468a8f5aa7329f337) Importer(815301076,1909f56bfc062723c751e8b465ee728b)
Start importing Assets/Imported/KayKit_Prototype_Bits/Models/fbx/Primitive_Stairs.fbx using Guid(eadb55342a21f77468a8f5aa7329f337) Importer(815301076,1909f56bfc062723c751e8b465ee728b) (PreviewImporter) -> (artifact id: '22400172a3208dc4a01bb4aada1e1bbe') in 0.0176094 seconds
Number of updated asset objects reloaded before import = 0Number of asset objects unloaded after import = 9

========================================================================
Received Import Request.
  Time since last request: 0.000135 seconds.
  path: Assets/Imported/KayKit_Prototype_Bits/Models/fbx/Primitive_Slope.fbx
  artifactKey: Guid(13d54ff552e5f2642b32b7e81ce4581f) Importer(815301076,1909f56bfc062723c751e8b465ee728b)
Start importing Assets/Imported/KayKit_Prototype_Bits/Models/fbx/Primitive_Slope.fbx using Guid(13d54ff552e5f2642b32b7e81ce4581f) Importer(815301076,1909f56bfc062723c751e8b465ee728b) (PreviewImporter) -> (artifact id: 'ee130f0857973c2070f4ef2ca92a6ba8') in 0.0164324 seconds
Number of updated asset objects reloaded before import = 0Number of asset objects unloaded after import = 9

========================================================================
Received Import Request.
  Time since last request: 0.000022 seconds.
  path: Assets/Imported/KayKit_Prototype_Bits/Models/fbx/Floor.fbx
  artifactKey: Guid(70f2478cb6fc60d48befcda486bb1d5c) Importer(815301076,1909f56bfc062723c751e8b465ee728b)
Start importing Assets/Imported/KayKit_Prototype_Bits/Models/fbx/Floor.fbx using Guid(70f2478cb6fc60d48befcda486bb1d5c) Importer(815301076,1909f56bfc062723c751e8b465ee728b) (PreviewImporter) -> (artifact id: 'b3659398aa4261a29d1d23d9191a5b5e') in 0.0139745 seconds
Number of updated asset objects reloaded before import = 0Number of asset objects unloaded after import = 9

========================================================================
Received Import Request.
  Time since last request: 0.000022 seconds.
  path: Assets/Imported/KayKit_Prototype_Bits/Models/fbx/Wall_Half.fbx
  artifactKey: Guid(5bf1d4d94f1e7d54299b70dff660e659) Importer(815301076,1909f56bfc062723c751e8b465ee728b)
Start importing Assets/Imported/KayKit_Prototype_Bits/Models/fbx/Wall_Half.fbx using Guid(5bf1d4d94f1e7d54299b70dff660e659) Importer(815301076,1909f56bfc062723c751e8b465ee728b) (PreviewImporter) -> (artifact id: 'b965ec0562b0384e4a9efa6646f84bf8') in 0.0207566 seconds
Number of updated asset objects reloaded before import = 0Number of asset objects unloaded after import = 9

========================================================================
Received Import Request.
  Time since last request: 0.000017 seconds.
  path: Assets/Imported/KayKit_Prototype_Bits/Models/fbx/Door_A_Decorated.fbx
  artifactKey: Guid(405302875f96bd9438712e20436213b3) Importer(815301076,1909f56bfc062723c751e8b465ee728b)
Start importing Assets/Imported/KayKit_Prototype_Bits/Models/fbx/Door_A_Decorated.fbx using Guid(405302875f96bd9438712e20436213b3) Importer(815301076,1909f56bfc062723c751e8b465ee728b) (PreviewImporter) -> (artifact id: 'd2a86951c9cc94b11cf28c08fe294feb') in 0.0202934 seconds
Number of updated asset objects reloaded before import = 0Number of asset objects unloaded after import = 9

========================================================================
Received Import Request.
  Time since last request: 0.000018 seconds.
  path: Assets/Imported/KayKit_Prototype_Bits/Models/fbx/Primitive_Window.fbx
  artifactKey: Guid(030d55d0cbb992c40b6bfb7f476c861e) Importer(815301076,1909f56bfc062723c751e8b465ee728b)
Start importing Assets/Imported/KayKit_Prototype_Bits/Models/fbx/Primitive_Window.fbx using Guid(030d55d0cbb992c40b6bfb7f476c861e) Importer(815301076,1909f56bfc062723c751e8b465ee728b) (PreviewImporter) -> (artifact id: 'ad6097ad12a52dd6842598a95394b567') in 0.0151971 seconds
Number of updated asset objects reloaded before import = 0Number of asset objects unloaded after import = 9

========================================================================
Received Import Request.
  Time since last request: 0.000032 seconds.
  path: Assets/Imported/KayKit_Prototype_Bits/Models/fbx/Primitive_Pillar.fbx
  artifactKey: Guid(c9b99654c93b3364095cefddea943ed0) Importer(815301076,1909f56bfc062723c751e8b465ee728b)
Start importing Assets/Imported/KayKit_Prototype_Bits/Models/fbx/Primitive_Pillar.fbx using Guid(c9b99654c93b3364095cefddea943ed0) Importer(815301076,1909f56bfc062723c751e8b465ee728b) (PreviewImporter) -> (artifact id: 'c2a41c527bed283ab8ce022579ddbf14') in 0.0168488 seconds
Number of updated asset objects reloaded before import = 0Number of asset objects unloaded after import = 9

========================================================================
Received Import Request.
  Time since last request: 0.000019 seconds.
  path: Assets/Imported/KayKit_Prototype_Bits/Models/fbx/table_medium_long.fbx
  artifactKey: Guid(e247a131eaf179b43af7272481771df6) Importer(815301076,1909f56bfc062723c751e8b465ee728b)
Start importing Assets/Imported/KayKit_Prototype_Bits/Models/fbx/table_medium_long.fbx using Guid(e247a131eaf179b43af7272481771df6) Importer(815301076,1909f56bfc062723c751e8b465ee728b) (PreviewImporter) -> (artifact id: 'e7ba2a29c9ecae927474b00d148fcdae') in 0.0157934 seconds
Number of updated asset objects reloaded before import = 0Number of asset objects unloaded after import = 9

========================================================================
Received Import Request.
  Time since last request: 0.000109 seconds.
  path: Assets/Imported/KayKit_Prototype_Bits/Models/fbx/Coin_C.fbx
  artifactKey: Guid(e449d0acb4d2eb647adb8079774d8a1a) Importer(815301076,1909f56bfc062723c751e8b465ee728b)
Start importing Assets/Imported/KayKit_Prototype_Bits/Models/fbx/Coin_C.fbx using Guid(e449d0acb4d2eb647adb8079774d8a1a) Importer(815301076,1909f56bfc062723c751e8b465ee728b) (PreviewImporter) -> (artifact id: 'ff1878a4c88f38e86259df54bff948fe') in 0.0157084 seconds
Number of updated asset objects reloaded before import = 0Number of asset objects unloaded after import = 9

========================================================================
Received Import Request.
  Time since last request: 0.000024 seconds.
  path: Assets/Imported/KayKit_Prototype_Bits/Models/fbx/target_pieces_C.fbx
  artifactKey: Guid(7a60211762c6c134f98808413d99a1ac) Importer(815301076,1909f56bfc062723c751e8b465ee728b)
Start importing Assets/Imported/KayKit_Prototype_Bits/Models/fbx/target_pieces_C.fbx using Guid(7a60211762c6c134f98808413d99a1ac) Importer(815301076,1909f56bfc062723c751e8b465ee728b) (PreviewImporter) -> (artifact id: '13dc2acbcebcd3417031577cf4525912') in 0.0179045 seconds
Number of updated asset objects reloaded before import = 0Number of asset objects unloaded after import = 9

========================================================================
Received Import Request.
  Time since last request: 0.000028 seconds.
  path: Assets/Imported/KayKit_Prototype_Bits/Models/fbx/Door_B.fbx
  artifactKey: Guid(e0e4c587eadfda14a83d52fec2f1701e) Importer(815301076,1909f56bfc062723c751e8b465ee728b)
Start importing Assets/Imported/KayKit_Prototype_Bits/Models/fbx/Door_B.fbx using Guid(e0e4c587eadfda14a83d52fec2f1701e) Importer(815301076,1909f56bfc062723c751e8b465ee728b) (PreviewImporter) -> (artifact id: '91fe0c4c64e7827a4f4b83834db3bd6f') in 0.0162443 seconds
Number of updated asset objects reloaded before import = 0Number of asset objects unloaded after import = 9

========================================================================
Received Import Request.
  Time since last request: 0.000020 seconds.
  path: Assets/Imported/KayKit_Prototype_Bits/Models/fbx/Primitive_Wall_Half.fbx
  artifactKey: Guid(30f10f6444b5b6e47ab3a4b128014d3a) Importer(815301076,1909f56bfc062723c751e8b465ee728b)
Start importing Assets/Imported/KayKit_Prototype_Bits/Models/fbx/Primitive_Wall_Half.fbx using Guid(30f10f6444b5b6e47ab3a4b128014d3a) Importer(815301076,1909f56bfc062723c751e8b465ee728b) (PreviewImporter) -> (artifact id: 'd1efc3146d24744153547b8d81229e85') in 0.015047 seconds
Number of updated asset objects reloaded before import = 0Number of asset objects unloaded after import = 9

========================================================================
Received Import Request.
  Time since last request: 0.000025 seconds.
  path: Assets/Imported/KayKit_Prototype_Bits/Models/fbx/Pallet_Small.fbx
  artifactKey: Guid(e6ea7f55c4bc6c841b8ee8d24f65e1b5) Importer(815301076,1909f56bfc062723c751e8b465ee728b)
Start importing Assets/Imported/KayKit_Prototype_Bits/Models/fbx/Pallet_Small.fbx using Guid(e6ea7f55c4bc6c841b8ee8d24f65e1b5) Importer(815301076,1909f56bfc062723c751e8b465ee728b) (PreviewImporter) -> (artifact id: 'fb3769daff9087c1291b3c26b04065c2') in 0.0152104 seconds
Number of updated asset objects reloaded before import = 0Number of asset objects unloaded after import = 9

========================================================================
Received Import Request.
  Time since last request: 0.000018 seconds.
  path: Assets/Imported/KayKit_Prototype_Bits/Models/fbx/prototypebits_texture.png
  artifactKey: Guid(47d8ba69278a2be45b38395073285964) Importer(815301076,1909f56bfc062723c751e8b465ee728b)
Start importing Assets/Imported/KayKit_Prototype_Bits/Models/fbx/prototypebits_texture.png using Guid(47d8ba69278a2be45b38395073285964) Importer(815301076,1909f56bfc062723c751e8b465ee728b) (PreviewImporter) -> (artifact id: '4274c9ed3d1c1b16768369f261742441') in 0.0163029 seconds
Number of updated asset objects reloaded before import = 0Number of asset objects unloaded after import = 2

========================================================================
Received Import Request.
  Time since last request: 0.000063 seconds.
  path: Assets/Imported/KayKit_Prototype_Bits/Models/fbx/Box_A.fbx
  artifactKey: Guid(b6f1779ad024f0a44a5d1fd4dd588689) Importer(815301076,1909f56bfc062723c751e8b465ee728b)
Start importing Assets/Imported/KayKit_Prototype_Bits/Models/fbx/Box_A.fbx using Guid(b6f1779ad024f0a44a5d1fd4dd588689) Importer(815301076,1909f56bfc062723c751e8b465ee728b) (PreviewImporter) -> (artifact id: '3232ef9209d974a7bfe27d0938a8d2eb') in 0.0148717 seconds
Number of updated asset objects reloaded before import = 0Number of asset objects unloaded after import = 9

========================================================================
Received Import Request.
  Time since last request: 0.000025 seconds.
  path: Assets/Imported/KayKit_Prototype_Bits/Models/fbx/Box_C.fbx
  artifactKey: Guid(87dc4dea6f7921b4ea3951bf4108dc51) Importer(815301076,1909f56bfc062723c751e8b465ee728b)
Start importing Assets/Imported/KayKit_Prototype_Bits/Models/fbx/Box_C.fbx using Guid(87dc4dea6f7921b4ea3951bf4108dc51) Importer(815301076,1909f56bfc062723c751e8b465ee728b) (PreviewImporter) -> (artifact id: '44a79ba1b34d9a3ecc5c5d5c4084b7a0') in 0.0153813 seconds
Number of updated asset objects reloaded before import = 0Number of asset objects unloaded after import = 9

========================================================================
Received Import Request.
  Time since last request: 0.000031 seconds.
  path: Assets/Imported/KayKit_Prototype_Bits/Models/fbx/target_wall_large_B.fbx
  artifactKey: Guid(539440e0a8205b14ca566686e40ada0a) Importer(815301076,1909f56bfc062723c751e8b465ee728b)
Start importing Assets/Imported/KayKit_Prototype_Bits/Models/fbx/target_wall_large_B.fbx using Guid(539440e0a8205b14ca566686e40ada0a) Importer(815301076,1909f56bfc062723c751e8b465ee728b) (PreviewImporter) -> (artifact id: '6c657f1f645b0acc23b79d22569cde9b') in 0.016701 seconds
Number of updated asset objects reloaded before import = 0Number of asset objects unloaded after import = 9

========================================================================
Received Import Request.
  Time since last request: 0.000018 seconds.
  path: Assets/Imported/KayKit_Prototype_Bits/Models/fbx/target_pieces_B.fbx
  artifactKey: Guid(a81999b120497474fa3b0f872c7521fd) Importer(815301076,1909f56bfc062723c751e8b465ee728b)
Start importing Assets/Imported/KayKit_Prototype_Bits/Models/fbx/target_pieces_B.fbx using Guid(a81999b120497474fa3b0f872c7521fd) Importer(815301076,1909f56bfc062723c751e8b465ee728b) (PreviewImporter) -> (artifact id: 'ea7b05606c6b3b9f23dfde185c19c958') in 0.0138607 seconds
Number of updated asset objects reloaded before import = 0Number of asset objects unloaded after import = 9

========================================================================
Received Import Request.
  Time since last request: 0.000029 seconds.
  path: Assets/Imported/KayKit_Prototype_Bits/Models/fbx/target_pieces_D.fbx
  artifactKey: Guid(882373a2bfff5de44a0df463f371d866) Importer(815301076,1909f56bfc062723c751e8b465ee728b)
Start importing Assets/Imported/KayKit_Prototype_Bits/Models/fbx/target_pieces_D.fbx using Guid(882373a2bfff5de44a0df463f371d866) Importer(815301076,1909f56bfc062723c751e8b465ee728b) (PreviewImporter) -> (artifact id: '3e3dfd95d9b24071fbe7a3b51f055905') in 0.0130399 seconds
Number of updated asset objects reloaded before import = 0Number of asset objects unloaded after import = 9

========================================================================
Received Import Request.
  Time since last request: 0.000031 seconds.
  path: Assets/Imported/KayKit_Prototype_Bits/Models/fbx/table_medium_Decorated.fbx
  artifactKey: Guid(8df476430f65e8a458be7af30f63da20) Importer(815301076,1909f56bfc062723c751e8b465ee728b)
Start importing Assets/Imported/KayKit_Prototype_Bits/Models/fbx/table_medium_Decorated.fbx using Guid(8df476430f65e8a458be7af30f63da20) Importer(815301076,1909f56bfc062723c751e8b465ee728b) (PreviewImporter) -> (artifact id: '320271698b7fb20caf11889edc5fc966') in 0.0174332 seconds
Number of updated asset objects reloaded before import = 0Number of asset objects unloaded after import = 9

========================================================================
Received Import Request.
  Time since last request: 0.000081 seconds.
  path: Assets/Imported/KayKit_Prototype_Bits/Models/fbx/Primitive_Slope_Half_OuterCorner.fbx
  artifactKey: Guid(bd01d667643f9854aae62ee66dd40ecc) Importer(815301076,1909f56bfc062723c751e8b465ee728b)
Start importing Assets/Imported/KayKit_Prototype_Bits/Models/fbx/Primitive_Slope_Half_OuterCorner.fbx using Guid(bd01d667643f9854aae62ee66dd40ecc) Importer(815301076,1909f56bfc062723c751e8b465ee728b) (PreviewImporter) -> (artifact id: 'f130c711c3443f3016db9d819f76b0ba') in 0.0190986 seconds
Number of updated asset objects reloaded before import = 0Number of asset objects unloaded after import = 9

========================================================================
Received Import Request.
  Time since last request: 0.000024 seconds.
  path: Assets/Imported/KayKit_Prototype_Bits/Models/fbx/target.fbx
  artifactKey: Guid(b9bf927cce762554b83f8b7a447708cd) Importer(815301076,1909f56bfc062723c751e8b465ee728b)
Start importing Assets/Imported/KayKit_Prototype_Bits/Models/fbx/target.fbx using Guid(b9bf927cce762554b83f8b7a447708cd) Importer(815301076,1909f56bfc062723c751e8b465ee728b) (PreviewImporter) -> (artifact id: '79bf57d9e3e79f29f8fbda2f216ff1f3') in 0.0228518 seconds
Number of updated asset objects reloaded before import = 0Number of asset objects unloaded after import = 9

========================================================================
Received Import Request.
  Time since last request: 0.000023 seconds.
  path: Assets/Imported/KayKit_Prototype_Bits/Models/fbx/Door_A.fbx
  artifactKey: Guid(eb9bbbfa2381f42428c652f6177442fa) Importer(815301076,1909f56bfc062723c751e8b465ee728b)
Start importing Assets/Imported/KayKit_Prototype_Bits/Models/fbx/Door_A.fbx using Guid(eb9bbbfa2381f42428c652f6177442fa) Importer(815301076,1909f56bfc062723c751e8b465ee728b) (PreviewImporter) -> (artifact id: '423e2a77b45a837ff299c53d6ab1c331') in 0.0142869 seconds
Number of updated asset objects reloaded before import = 0Number of asset objects unloaded after import = 9

========================================================================
Received Import Request.
  Time since last request: 0.000024 seconds.
  path: Assets/Imported/KayKit_Prototype_Bits/Models/fbx/Cube_Prototype_Large_B.fbx
  artifactKey: Guid(a6d970c841ef25e46ada1fc0bcabc35a) Importer(815301076,1909f56bfc062723c751e8b465ee728b)
Start importing Assets/Imported/KayKit_Prototype_Bits/Models/fbx/Cube_Prototype_Large_B.fbx using Guid(a6d970c841ef25e46ada1fc0bcabc35a) Importer(815301076,1909f56bfc062723c751e8b465ee728b) (PreviewImporter) -> (artifact id: '5fe996af51cd7468abf8915796481f69') in 0.0149529 seconds
Number of updated asset objects reloaded before import = 0Number of asset objects unloaded after import = 9

========================================================================
Received Import Request.
  Time since last request: 0.000020 seconds.
  path: Assets/Imported/KayKit_Prototype_Bits/Models/fbx/Cube_Prototype_Small.fbx
  artifactKey: Guid(aa79473983f0da54c9410d73cf30be35) Importer(815301076,1909f56bfc062723c751e8b465ee728b)
Start importing Assets/Imported/KayKit_Prototype_Bits/Models/fbx/Cube_Prototype_Small.fbx using Guid(aa79473983f0da54c9410d73cf30be35) Importer(815301076,1909f56bfc062723c751e8b465ee728b) (PreviewImporter) -> (artifact id: '4bad94536b31c9cb448274239412cd0a') in 0.0152738 seconds
Number of updated asset objects reloaded before import = 0Number of asset objects unloaded after import = 9

========================================================================
Received Import Request.
  Time since last request: 0.000069 seconds.
  path: Assets/Imported/KayKit_Prototype_Bits/Models/fbx/Primitive_Floor_Hole.fbx
  artifactKey: Guid(952ccedf7a6252347bf05212d460b7af) Importer(815301076,1909f56bfc062723c751e8b465ee728b)
Start importing Assets/Imported/KayKit_Prototype_Bits/Models/fbx/Primitive_Floor_Hole.fbx using Guid(952ccedf7a6252347bf05212d460b7af) Importer(815301076,1909f56bfc062723c751e8b465ee728b) (PreviewImporter) -> (artifact id: '745ea9b1e85439ff1c9368a29a8b7c23') in 0.0142186 seconds
Number of updated asset objects reloaded before import = 0Number of asset objects unloaded after import = 9

========================================================================
Received Import Request.
  Time since last request: 0.000032 seconds.
  path: Assets/Imported/KayKit_Prototype_Bits/Models/fbx/target_pieces_E.fbx
  artifactKey: Guid(739f9aefccc0f2149954dcd3ba1d3839) Importer(815301076,1909f56bfc062723c751e8b465ee728b)
Start importing Assets/Imported/KayKit_Prototype_Bits/Models/fbx/target_pieces_E.fbx using Guid(739f9aefccc0f2149954dcd3ba1d3839) Importer(815301076,1909f56bfc062723c751e8b465ee728b) (PreviewImporter) -> (artifact id: 'e6447e66db6fd071ec299e3a0882169a') in 0.0156692 seconds
Number of updated asset objects reloaded before import = 0Number of asset objects unloaded after import = 9

========================================================================
Received Import Request.
  Time since last request: 0.000033 seconds.
  path: Assets/Imported/KayKit_Prototype_Bits/Models/fbx/Primitive_Wall_Short.fbx
  artifactKey: Guid(e73a287ab2cd87f4792dfb45bfea45b8) Importer(815301076,1909f56bfc062723c751e8b465ee728b)
Start importing Assets/Imported/KayKit_Prototype_Bits/Models/fbx/Primitive_Wall_Short.fbx using Guid(e73a287ab2cd87f4792dfb45bfea45b8) Importer(815301076,1909f56bfc062723c751e8b465ee728b) (PreviewImporter) -> (artifact id: '6fe1464e1aba1a03023a448cd3b95770') in 0.0136396 seconds
Number of updated asset objects reloaded before import = 0Number of asset objects unloaded after import = 9

Editor requested this worker to shutdown with reason: Scaling down because of idle timeout
AssetImportWorker is now disconnected from the server
Process exiting
Exiting without the bug reporter. Application will terminate with return code 0